ProtectThePrincess/Temp/gradleOut/launcher/build/intermediates/manifest_merge_blame_file/release/manifest-merger-blame-release-report.txt
1<?xml version="1.0" encoding="utf-8"?>
2<!-- GENERATED BY UNITY. REMOVE THIS COMMENT TO PREVENT OVERWRITING WHEN EXPORTING AGAIN -->
3<manifest xmlns:android="http://schemas.android.com/apk/res/android"
4    package="com.ValterGames.ProtectThePrincess"
5    android:installLocation="preferExternal"
6    android:versionCode="1"
7    android:versionName="0.1" >
8
9    <uses-sdk
10        android:minSdkVersion="19"
10-->src/main/AndroidManifest.xml
11        android:targetSdkVersion="29" />
11-->src/main/AndroidManifest.xml
12
13    <supports-screens
13-->src/main/AndroidManifest.xml:4:3-163
14        android:anyDensity="true"
14-->src/main/AndroidManifest.xml:4:135-160
15        android:largeScreens="true"
15-->src/main/AndroidManifest.xml:4:78-105
16        android:normalScreens="true"
16-->src/main/AndroidManifest.xml:4:49-77
17        android:smallScreens="true"
17-->src/main/AndroidManifest.xml:4:21-48
18        android:xlargeScreens="true" />
18-->src/main/AndroidManifest.xml:4:106-134
19
20    <uses-feature android:glEsVersion="0x00020000" />
20-->[:unityLibrary] AndroidManifest.xml:13:5-54
20-->[:unityLibrary] AndroidManifest.xml:13:19-51
21    <uses-feature
21-->[:unityLibrary] AndroidManifest.xml:14:5-16:36
22        android:name="android.hardware.vulkan.version"
22-->[:unityLibrary] AndroidManifest.xml:15:9-55
23        android:required="false" />
23-->[:unityLibrary] AndroidManifest.xml:16:9-33
24
25    <supports-gl-texture android:name="GL_OES_compressed_ETC1_RGB8_texture" />
25-->[:unityLibrary] AndroidManifest.xml:18:5-79
25-->[:unityLibrary] AndroidManifest.xml:18:26-76
26
27    <uses-feature
27-->[:unityLibrary] AndroidManifest.xml:20:5-22:36
28        android:name="android.hardware.touchscreen"
28-->[:unityLibrary] AndroidManifest.xml:21:9-52
29        android:required="false" />
29-->[:unityLibrary] AndroidManifest.xml:22:9-33
30    <uses-feature
30-->[:unityLibrary] AndroidManifest.xml:23:5-25:36
31        android:name="android.hardware.touchscreen.multitouch"
31-->[:unityLibrary] AndroidManifest.xml:24:9-63
32        android:required="false" />
32-->[:unityLibrary] AndroidManifest.xml:25:9-33
33    <uses-feature
33-->[:unityLibrary] AndroidManifest.xml:26:5-28:36
34        android:name="android.hardware.touchscreen.multitouch.distinct"
34-->[:unityLibrary] AndroidManifest.xml:27:9-72
35        android:required="false" />
35-->[:unityLibrary] AndroidManifest.xml:28:9-33
36
37    <uses-permission android:name="android.permission.INTERNET" />
37-->[:googlemobileads-unity:] AndroidManifest.xml:10:5-67
37-->[:googlemobileads-unity:] AndroidManifest.xml:10:22-64
38    <uses-permission android:name="android.permission.WRITE_EXTERNAL_STORAGE" />
39    <uses-permission android:name="android.permission.READ_PHONE_STATE" />
40    <uses-permission android:name="android.permission.READ_EXTERNAL_STORAGE" />
41    <uses-permission android:name="android.permission.ACCESS_NETWORK_STATE" /> <!-- Android package visibility setting -->
41-->[com.google.android.gms:play-services-ads-lite:20.0.0] AndroidManifest.xml:24:5-79
41-->[com.google.android.gms:play-services-ads-lite:20.0.0] AndroidManifest.xml:24:22-76
42    <queries>
42-->[com.google.android.gms:play-services-ads-lite:20.0.0] AndroidManifest.xml:27:5-43:15
43
44        <!-- For browser content -->
45        <intent>
45-->[com.google.android.gms:play-services-ads-lite:20.0.0] AndroidManifest.xml:30:9-36:18
46            <action android:name="android.intent.action.VIEW" />
46-->[com.google.android.gms:play-services-ads-lite:20.0.0] AndroidManifest.xml:31:13-65
46-->[com.google.android.gms:play-services-ads-lite:20.0.0] AndroidManifest.xml:31:21-62
47
48            <category android:name="android.intent.category.BROWSABLE" />
48-->[com.google.android.gms:play-services-ads-lite:20.0.0] AndroidManifest.xml:33:13-74
48-->[com.google.android.gms:play-services-ads-lite:20.0.0] AndroidManifest.xml:33:23-71
49
50            <data android:scheme="https" />
50-->[com.google.android.gms:play-services-ads-lite:20.0.0] AndroidManifest.xml:35:13-44
50-->[com.google.android.gms:play-services-ads-lite:20.0.0] AndroidManifest.xml:35:19-41
51        </intent>
52        <!-- End of browser content -->
53        <!-- For CustomTabsService -->
54        <intent>
54-->[com.google.android.gms:play-services-ads-lite:20.0.0] AndroidManifest.xml:30:9-36:18
55            <action android:name="android.support.customtabs.action.CustomTabsService" />
56        </intent>
57        <!-- End of CustomTabsService -->
58    </queries>
59
60    <uses-permission android:name="android.permission.WAKE_LOCK" />
60-->[com.google.android.gms:play-services-measurement-sdk-api:18.0.0] AndroidManifest.xml:25:5-68
60-->[com.google.android.gms:play-services-measurement-sdk-api:18.0.0] AndroidManifest.xml:25:22-65
61    <uses-permission android:name="android.permission.RECEIVE_BOOT_COMPLETED" />
61-->[androidx.work:work-runtime:2.1.0] AndroidManifest.xml:27:5-81
61-->[androidx.work:work-runtime:2.1.0] AndroidManifest.xml:27:22-78
62
63    <application
63-->src/main/AndroidManifest.xml:5:3-116
64        android:appComponentFactory="androidx.core.app.CoreComponentFactory"
64-->[androidx.core:core:1.2.0] AndroidManifest.xml:24:18-86
65        android:extractNativeLibs="true"
65-->src/main/AndroidManifest.xml:5:16-48
66        android:icon="@mipmap/app_icon"
66-->src/main/AndroidManifest.xml:5:82-113
67        android:label="@string/app_name" >
67-->src/main/AndroidManifest.xml:5:49-81
68        <activity
68-->[:unityLibrary] AndroidManifest.xml:31:9-50:20
69            android:name="com.unity3d.player.UnityPlayerActivity"
69-->[:unityLibrary] AndroidManifest.xml:32:13-66
70            android:configChanges="mcc|mnc|locale|touchscreen|keyboard|keyboardHidden|navigation|orientation|screenLayout|uiMode|screenSize|smallestScreenSize|fontScale|layoutDirection|density"
70-->[:unityLibrary] AndroidManifest.xml:33:13-194
71            android:hardwareAccelerated="false"
71-->[:unityLibrary] AndroidManifest.xml:34:13-48
72            android:launchMode="singleTask"
72-->[:unityLibrary] AndroidManifest.xml:35:13-44
73            android:screenOrientation="fullSensor"
73-->[:unityLibrary] AndroidManifest.xml:36:13-51
74            android:theme="@style/UnityThemeSelector" >
74-->[:unityLibrary] AndroidManifest.xml:37:13-54
75            <intent-filter>
75-->[:unityLibrary] AndroidManifest.xml:38:13-42:29
76                <action android:name="android.intent.action.MAIN" />
76-->[:unityLibrary] AndroidManifest.xml:39:17-69
76-->[:unityLibrary] AndroidManifest.xml:39:25-66
77
78                <category android:name="android.intent.category.LAUNCHER" />
78-->[:unityLibrary] AndroidManifest.xml:41:17-77
78-->[:unityLibrary] AndroidManifest.xml:41:27-74
79            </intent-filter>
80
81            <meta-data
81-->[:unityLibrary] AndroidManifest.xml:44:13-46:40
82                android:name="unityplayer.UnityActivity"
82-->[:unityLibrary] AndroidManifest.xml:45:17-57
83                android:value="true" />
83-->[:unityLibrary] AndroidManifest.xml:46:17-37
84            <meta-data
84-->[:unityLibrary] AndroidManifest.xml:47:13-49:40
85                android:name="android.notch_support"
85-->[:unityLibrary] AndroidManifest.xml:48:17-53
86                android:value="true" />
86-->[:unityLibrary] AndroidManifest.xml:49:17-37
87        </activity>
88
89        <meta-data
89-->[:unityLibrary] AndroidManifest.xml:52:9-54:33
90            android:name="unity.splash-mode"
90-->[:unityLibrary] AndroidManifest.xml:53:13-45
91            android:value="0" />
91-->[:unityLibrary] AndroidManifest.xml:54:13-30
92        <meta-data
92-->[:unityLibrary] AndroidManifest.xml:55:9-57:36
93            android:name="unity.splash-enable"
93-->[:unityLibrary] AndroidManifest.xml:56:13-47
94            android:value="True" />
94-->[:unityLibrary] AndroidManifest.xml:57:13-33
95        <meta-data
95-->[:unityLibrary] AndroidManifest.xml:58:9-60:50
96            android:name="notch.config"
96-->[:unityLibrary] AndroidManifest.xml:59:13-40
97            android:value="portrait|landscape" />
97-->[:unityLibrary] AndroidManifest.xml:60:13-47
98        <meta-data
98-->[:unityLibrary] AndroidManifest.xml:61:9-63:68
99            android:name="unity.build-id"
99-->[:unityLibrary] AndroidManifest.xml:62:13-42
100            android:value="e44bdb9d-d0fd-4183-905d-68d7c479bc8d" />
100-->[:unityLibrary] AndroidManifest.xml:63:13-65
101
102        <uses-library
102-->[:unityLibrary:GoogleMobileAdsPlugin.androidlib] AndroidManifest.xml:10:9-12:40
103            android:name="org.apache.http.legacy"
103-->[:unityLibrary:GoogleMobileAdsPlugin.androidlib] AndroidManifest.xml:11:13-50
104            android:required="false" />
104-->[:unityLibrary:GoogleMobileAdsPlugin.androidlib] AndroidManifest.xml:12:13-37
105
106        <meta-data
106-->[:unityLibrary:GoogleMobileAdsPlugin.androidlib] AndroidManifest.xml:14:9-16:70
107            android:name="com.google.android.gms.ads.APPLICATION_ID"
107-->[:unityLibrary:GoogleMobileAdsPlugin.androidlib] AndroidManifest.xml:15:13-69
108            android:value="ca-app-pub-4721480223801357~6312816542" /> <!-- Include the AdActivity and InAppPurchaseActivity configChanges and themes. -->
108-->[:unityLibrary:GoogleMobileAdsPlugin.androidlib] AndroidManifest.xml:16:13-67
109        <activity
109-->[com.google.android.gms:play-services-ads-lite:20.0.0] AndroidManifest.xml:48:9-52:64
110            android:name="com.google.android.gms.ads.AdActivity"
110-->[com.google.android.gms:play-services-ads-lite:20.0.0] AndroidManifest.xml:49:13-65
111            android:configChanges="keyboard|keyboardHidden|orientation|screenLayout|uiMode|screenSize|smallestScreenSize"
111-->[com.google.android.gms:play-services-ads-lite:20.0.0] AndroidManifest.xml:50:13-122
112            android:exported="false"
112-->[com.google.android.gms:play-services-ads-lite:20.0.0] AndroidManifest.xml:51:13-37
113            android:theme="@android:style/Theme.Translucent" />
113-->[com.google.android.gms:play-services-ads-lite:20.0.0] AndroidManifest.xml:52:13-61
114
115        <provider
115-->[com.google.android.gms:play-services-ads-lite:20.0.0] AndroidManifest.xml:54:9-58:39
116            android:name="com.google.android.gms.ads.MobileAdsInitProvider"
116-->[com.google.android.gms:play-services-ads-lite:20.0.0] AndroidManifest.xml:55:13-76
117            android:authorities="com.ValterGames.ProtectThePrincess.mobileadsinitprovider"
117-->[com.google.android.gms:play-services-ads-lite:20.0.0] AndroidManifest.xml:56:13-73
118            android:exported="false"
118-->[com.google.android.gms:play-services-ads-lite:20.0.0] AndroidManifest.xml:57:13-37
119            android:initOrder="100" />
119-->[com.google.android.gms:play-services-ads-lite:20.0.0] AndroidManifest.xml:58:13-36
120
121        <service
121-->[com.google.android.gms:play-services-ads-lite:20.0.0] AndroidManifest.xml:60:9-63:40
122            android:name="com.google.android.gms.ads.AdService"
122-->[com.google.android.gms:play-services-ads-lite:20.0.0] AndroidManifest.xml:61:13-64
123            android:enabled="true"
123-->[com.google.android.gms:play-services-ads-lite:20.0.0] AndroidManifest.xml:62:13-35
124            android:exported="false" />
124-->[com.google.android.gms:play-services-ads-lite:20.0.0] AndroidManifest.xml:63:13-37
125
126        <meta-data
126-->[com.google.android.gms:play-services-basement:17.6.0] AndroidManifest.xml:23:9-25:69
127            android:name="com.google.android.gms.version"
127-->[com.google.android.gms:play-services-basement:17.6.0] AndroidManifest.xml:24:13-58
128            android:value="@integer/google_play_services_version" />
128-->[com.google.android.gms:play-services-basement:17.6.0] AndroidManifest.xml:25:13-66
129
130        <provider
130-->[androidx.work:work-runtime:2.1.0] AndroidManifest.xml:30:9-36:35
131            android:name="androidx.work.impl.WorkManagerInitializer"
131-->[androidx.work:work-runtime:2.1.0] AndroidManifest.xml:31:13-69
132            android:authorities="com.ValterGames.ProtectThePrincess.workmanager-init"
132-->[androidx.work:work-runtime:2.1.0] AndroidManifest.xml:32:13-68
133            android:directBootAware="false"
133-->[androidx.work:work-runtime:2.1.0] AndroidManifest.xml:33:13-44
134            android:exported="false"
134-->[androidx.work:work-runtime:2.1.0] AndroidManifest.xml:34:13-37
135            android:multiprocess="true" />
135-->[androidx.work:work-runtime:2.1.0] AndroidManifest.xml:35:13-40
136
137        <service
137-->[androidx.work:work-runtime:2.1.0] AndroidManifest.xml:38:9-43:35
138            android:name="androidx.work.impl.background.systemalarm.SystemAlarmService"
138-->[androidx.work:work-runtime:2.1.0] AndroidManifest.xml:39:13-88
139            android:directBootAware="false"
139-->[androidx.work:work-runtime:2.1.0] AndroidManifest.xml:40:13-44
140            android:enabled="@bool/enable_system_alarm_service_default"
140-->[androidx.work:work-runtime:2.1.0] AndroidManifest.xml:41:13-72
141            android:exported="false" />
141-->[androidx.work:work-runtime:2.1.0] AndroidManifest.xml:42:13-37
142        <service
142-->[androidx.work:work-runtime:2.1.0] AndroidManifest.xml:44:9-50:35
143            android:name="androidx.work.impl.background.systemjob.SystemJobService"
143-->[androidx.work:work-runtime:2.1.0] AndroidManifest.xml:45:13-84
144            android:directBootAware="false"
144-->[androidx.work:work-runtime:2.1.0] AndroidManifest.xml:46:13-44
145            android:enabled="@bool/enable_system_job_service_default"
145-->[androidx.work:work-runtime:2.1.0] AndroidManifest.xml:47:13-70
146            android:exported="true"
146-->[androidx.work:work-runtime:2.1.0] AndroidManifest.xml:48:13-36
147            android:permission="android.permission.BIND_JOB_SERVICE" />
147-->[androidx.work:work-runtime:2.1.0] AndroidManifest.xml:49:13-69
148
149        <receiver
149-->[androidx.work:work-runtime:2.1.0] AndroidManifest.xml:52:9-57:35
150            android:name="androidx.work.impl.utils.ForceStopRunnable$BroadcastReceiver"
150-->[androidx.work:work-runtime:2.1.0] AndroidManifest.xml:53:13-88
151            android:directBootAware="false"
151-->[androidx.work:work-runtime:2.1.0] AndroidManifest.xml:54:13-44
152            android:enabled="true"
152-->[androidx.work:work-runtime:2.1.0] AndroidManifest.xml:55:13-35
153            android:exported="false" />
153-->[androidx.work:work-runtime:2.1.0] AndroidManifest.xml:56:13-37
154        <receiver
154-->[androidx.work:work-runtime:2.1.0] AndroidManifest.xml:58:9-68:20
155            android:name="androidx.work.impl.background.systemalarm.ConstraintProxy$BatteryChargingProxy"
155-->[androidx.work:work-runtime:2.1.0] AndroidManifest.xml:59:13-106
156            android:directBootAware="false"
156-->[androidx.work:work-runtime:2.1.0] AndroidManifest.xml:60:13-44
157            android:enabled="false"
157-->[androidx.work:work-runtime:2.1.0] AndroidManifest.xml:61:13-36
158            android:exported="false" >
158-->[androidx.work:work-runtime:2.1.0] AndroidManifest.xml:62:13-37
159            <intent-filter>
159-->[androidx.work:work-runtime:2.1.0] AndroidManifest.xml:64:13-67:29
160                <action android:name="android.intent.action.ACTION_POWER_CONNECTED" />
160-->[androidx.work:work-runtime:2.1.0] AndroidManifest.xml:65:17-87
160-->[androidx.work:work-runtime:2.1.0] AndroidManifest.xml:65:25-84
161                <action android:name="android.intent.action.ACTION_POWER_DISCONNECTED" />
161-->[androidx.work:work-runtime:2.1.0] AndroidManifest.xml:66:17-90
161-->[androidx.work:work-runtime:2.1.0] AndroidManifest.xml:66:25-87
162            </intent-filter>
163        </receiver>
164        <receiver
164-->[androidx.work:work-runtime:2.1.0] AndroidManifest.xml:69:9-79:20
165            android:name="androidx.work.impl.background.systemalarm.ConstraintProxy$BatteryNotLowProxy"
165-->[androidx.work:work-runtime:2.1.0] AndroidManifest.xml:70:13-104
166            android:directBootAware="false"
166-->[androidx.work:work-runtime:2.1.0] AndroidManifest.xml:71:13-44
167            android:enabled="false"
167-->[androidx.work:work-runtime:2.1.0] AndroidManifest.xml:72:13-36
168            android:exported="false" >
168-->[androidx.work:work-runtime:2.1.0] AndroidManifest.xml:73:13-37
169            <intent-filter>
169-->[androidx.work:work-runtime:2.1.0] AndroidManifest.xml:75:13-78:29
170                <action android:name="android.intent.action.BATTERY_OKAY" />
170-->[androidx.work:work-runtime:2.1.0] AndroidManifest.xml:76:17-77
170-->[androidx.work:work-runtime:2.1.0] AndroidManifest.xml:76:25-74
171                <action android:name="android.intent.action.BATTERY_LOW" />
171-->[androidx.work:work-runtime:2.1.0] AndroidManifest.xml:77:17-76
171-->[androidx.work:work-runtime:2.1.0] AndroidManifest.xml:77:25-73
172            </intent-filter>
173        </receiver>
174        <receiver
174-->[androidx.work:work-runtime:2.1.0] AndroidManifest.xml:80:9-90:20
175            android:name="androidx.work.impl.background.systemalarm.ConstraintProxy$StorageNotLowProxy"
175-->[androidx.work:work-runtime:2.1.0] AndroidManifest.xml:81:13-104
176            android:directBootAware="false"
176-->[androidx.work:work-runtime:2.1.0] AndroidManifest.xml:82:13-44
177            android:enabled="false"
177-->[androidx.work:work-runtime:2.1.0] AndroidManifest.xml:83:13-36
178            android:exported="false" >
178-->[androidx.work:work-runtime:2.1.0] AndroidManifest.xml:84:13-37
179            <intent-filter>
179-->[androidx.work:work-runtime:2.1.0] AndroidManifest.xml:86:13-89:29
180                <action android:name="android.intent.action.DEVICE_STORAGE_LOW" />
180-->[androidx.work:work-runtime:2.1.0] AndroidManifest.xml:87:17-83
180-->[androidx.work:work-runtime:2.1.0] AndroidManifest.xml:87:25-80
181                <action android:name="android.intent.action.DEVICE_STORAGE_OK" />
181-->[androidx.work:work-runtime:2.1.0] AndroidManifest.xml:88:17-82
181-->[androidx.work:work-runtime:2.1.0] AndroidManifest.xml:88:25-79
182            </intent-filter>
183        </receiver>
184        <receiver
184-->[androidx.work:work-runtime:2.1.0] AndroidManifest.xml:91:9-100:20
185            android:name="androidx.work.impl.background.systemalarm.ConstraintProxy$NetworkStateProxy"
185-->[androidx.work:work-runtime:2.1.0] AndroidManifest.xml:92:13-103
186            android:directBootAware="false"
186-->[androidx.work:work-runtime:2.1.0] AndroidManifest.xml:93:13-44
187            android:enabled="false"
187-->[androidx.work:work-runtime:2.1.0] AndroidManifest.xml:94:13-36
188            android:exported="false" >
188-->[androidx.work:work-runtime:2.1.0] AndroidManifest.xml:95:13-37
189            <intent-filter>
189-->[androidx.work:work-runtime:2.1.0] AndroidManifest.xml:97:13-99:29
190                <action android:name="android.net.conn.CONNECTIVITY_CHANGE" />
190-->[androidx.work:work-runtime:2.1.0] AndroidManifest.xml:98:17-79
190-->[androidx.work:work-runtime:2.1.0] AndroidManifest.xml:98:25-76
191            </intent-filter>
192        </receiver>
193        <receiver
193-->[androidx.work:work-runtime:2.1.0] AndroidManifest.xml:101:9-112:20
194            android:name="androidx.work.impl.background.systemalarm.RescheduleReceiver"
194-->[androidx.work:work-runtime:2.1.0] AndroidManifest.xml:102:13-88
195            android:directBootAware="false"
195-->[androidx.work:work-runtime:2.1.0] AndroidManifest.xml:103:13-44
196            android:enabled="false"
196-->[androidx.work:work-runtime:2.1.0] AndroidManifest.xml:104:13-36
197            android:exported="false" >
197-->[androidx.work:work-runtime:2.1.0] AndroidManifest.xml:105:13-37
198            <intent-filter>
198-->[androidx.work:work-runtime:2.1.0] AndroidManifest.xml:107:13-111:29
199                <action android:name="android.intent.action.BOOT_COMPLETED" />
199-->[androidx.work:work-runtime:2.1.0] AndroidManifest.xml:108:17-79
199-->[androidx.work:work-runtime:2.1.0] AndroidManifest.xml:108:25-76
200                <action android:name="android.intent.action.TIME_SET" />
200-->[androidx.work:work-runtime:2.1.0] AndroidManifest.xml:109:17-73
200-->[androidx.work:work-runtime:2.1.0] AndroidManifest.xml:109:25-70
201                <action android:name="android.intent.action.TIMEZONE_CHANGED" />
201-->[androidx.work:work-runtime:2.1.0] AndroidManifest.xml:110:17-81
201-->[androidx.work:work-runtime:2.1.0] AndroidManifest.xml:110:25-78
202            </intent-filter>
203        </receiver>
204        <receiver
204-->[androidx.work:work-runtime:2.1.0] AndroidManifest.xml:113:9-122:20
205            android:name="androidx.work.impl.background.systemalarm.ConstraintProxyUpdateReceiver"
205-->[androidx.work:work-runtime:2.1.0] AndroidManifest.xml:114:13-99
206            android:directBootAware="false"
206-->[androidx.work:work-runtime:2.1.0] AndroidManifest.xml:115:13-44
207            android:enabled="@bool/enable_system_alarm_service_default"
207-->[androidx.work:work-runtime:2.1.0] AndroidManifest.xml:116:13-72
208            android:exported="false" >
208-->[androidx.work:work-runtime:2.1.0] AndroidManifest.xml:117:13-37
209            <intent-filter>
209-->[androidx.work:work-runtime:2.1.0] AndroidManifest.xml:119:13-121:29
210                <action android:name="androidx.work.impl.background.systemalarm.UpdateProxies" />
210-->[androidx.work:work-runtime:2.1.0] AndroidManifest.xml:120:17-98
210-->[androidx.work:work-runtime:2.1.0] AndroidManifest.xml:120:25-95
211            </intent-filter>
212        </receiver>
213
214        <service
214-->[androidx.room:room-runtime:2.1.0] AndroidManifest.xml:25:9-27:40
215            android:name="androidx.room.MultiInstanceInvalidationService"
215-->[androidx.room:room-runtime:2.1.0] AndroidManifest.xml:26:13-74
216            android:exported="false" />
216-->[androidx.room:room-runtime:2.1.0] AndroidManifest.xml:27:13-37
217    </application>
218
219</manifest>